# JRE version: OpenJDK Runtime Environment Temurin-21.0.5+11 (21.0.5+11) (build 21.0.5+11-LTS)
# Java VM: OpenJDK 64-Bit Server VM Temurin-21.0.5+11 (21.0.5+11-LTS, mixed mode, sharing, tiered, compressed oops, compressed class ptrs, parallel gc, windows-amd64)
GC Precious Log:
 CardTable entry size: 512
 CPUs: 12 total, 12 available
 Memory: 7518M
 Large Page Support: Disabled
 NUMA Support: Disabled
 Compressed Oops: Enabled (32-bit)
 Alignments: Space 512K, Generation 512K, Heap 2M
 Heap Min Capacity: 100M
 Heap Initial Capacity: 100M
 Heap Max Capacity: 1G
 Pre-touch: Disabled
 Parallel Workers: 10
Heap:
 PSYoungGen      total 23552K, used 7556K [0x00000000eab00000, 0x00000000ec500000, 0x0000000100000000)
  eden space 22016K, 27% used [0x00000000eab00000,0x00000000eb0e59a0,0x00000000ec080000)
  from space 1536K, 98% used [0x00000000ec380000,0x00000000ec4fb810,0x00000000ec500000)
  to   space 2048K, 0% used [0x00000000ec100000,0x00000000ec100000,0x00000000ec300000)
 ParOldGen       total 68608K, used 22101K [0x00000000c0000000, 0x00000000c4300000, 0x00000000eab00000)
  object space 68608K, 32% used [0x00000000c0000000,0x00000000c1595690,0x00000000c4300000)
 Metaspace       used 46107K, committed 47232K, reserved 1114112K
  class space    used 4954K, committed 5440K, reserved 1048576K
GC Heap History (20 events):
Event: 27.782 GC heap before
{Heap before GC invocations=11 (full 1):
 PSYoungGen      total 25088K, used 24763K [0x00000000eab00000, 0x00000000ec900000, 0x0000000100000000)
  eden space 23552K, 100% used [0x00000000eab00000,0x00000000ec200000,0x00000000ec200000)
  from space 1536K, 78% used [0x00000000ec280000,0x00000000ec3aeda0,0x00000000ec400000)
  to   space 2560K, 0% used [0x00000000ec680000,0x00000000ec680000,0x00000000ec900000)
 ParOldGen       total 68608K, used 13330K [0x00000000c0000000, 0x00000000c4300000, 0x00000000eab00000)
  object space 68608K, 19% used [0x00000000c0000000,0x00000000c0d04a58,0x00000000c4300000)
 Metaspace       used 25744K, committed 26560K, reserved 1114112K
  class space    used 2403K, committed 2752K, reserved 1048576K
}
Event: 27.784 GC heap after
{Heap after GC invocations=11 (full 1):
 PSYoungGen      total 25600K, used 2558K [0x00000000eab00000, 0x00000000ec900000, 0x0000000100000000)
  eden space 23040K, 0% used [0x00000000eab00000,0x00000000eab00000,0x00000000ec180000)
  from space 2560K, 99% used [0x00000000ec680000,0x00000000ec8ff988,0x00000000ec900000)
  to   space 3072K, 0% used [0x00000000ec300000,0x00000000ec300000,0x00000000ec600000)
 ParOldGen       total 68608K, used 13522K [0x00000000c0000000, 0x00000000c4300000, 0x00000000eab00000)
  object space 68608K, 19% used [0x00000000c0000000,0x00000000c0d34a58,0x00000000c4300000)
 Metaspace       used 25744K, committed 26560K, reserved 1114112K
  class space    used 2403K, committed 2752K, reserved 1048576K
}
Event: 29.144 GC heap before
{Heap before GC invocations=12 (full 1):
 PSYoungGen      total 25600K, used 25598K [0x00000000eab00000, 0x00000000ec900000, 0x0000000100000000)
  eden space 23040K, 100% used [0x00000000eab00000,0x00000000ec180000,0x00000000ec180000)
  from space 2560K, 99% used [0x00000000ec680000,0x00000000ec8ff988,0x00000000ec900000)
  to   space 3072K, 0% used [0x00000000ec300000,0x00000000ec300000,0x00000000ec600000)
 ParOldGen       total 68608K, used 13522K [0x00000000c0000000, 0x00000000c4300000, 0x00000000eab00000)
  object space 68608K, 19% used [0x00000000c0000000,0x00000000c0d34a58,0x00000000c4300000)
 Metaspace       used 29806K, committed 30784K, reserved 1114112K
  class space    used 2864K, committed 3264K, reserved 1048576K
}
Event: 29.148 GC heap after
{Heap after GC invocations=12 (full 1):
 PSYoungGen      total 24064K, used 1280K [0x00000000eab00000, 0x00000000ec700000, 0x0000000100000000)
  eden space 22528K, 0% used [0x00000000eab00000,0x00000000eab00000,0x00000000ec100000)
  from space 1536K, 83% used [0x00000000ec300000,0x00000000ec440000,0x00000000ec480000)
  to   space 2048K, 0% used [0x00000000ec500000,0x00000000ec500000,0x00000000ec700000)
 ParOldGen       total 68608K, used 16062K [0x00000000c0000000, 0x00000000c4300000, 0x00000000eab00000)
  object space 68608K, 23% used [0x00000000c0000000,0x00000000c0fafb30,0x00000000c4300000)
 Metaspace       used 29806K, committed 30784K, reserved 1114112K
  class space    used 2864K, committed 3264K, reserved 1048576K
}
Event: 29.336 GC heap before
{Heap before GC invocations=13 (full 1):
 PSYoungGen      total 24064K, used 23806K [0x00000000eab00000, 0x00000000ec700000, 0x0000000100000000)
  eden space 22528K, 99% used [0x00000000eab00000,0x00000000ec0ffa20,0x00000000ec100000)
  from space 1536K, 83% used [0x00000000ec300000,0x00000000ec440000,0x00000000ec480000)
  to   space 2048K, 0% used [0x00000000ec500000,0x00000000ec500000,0x00000000ec700000)
 ParOldGen       total 68608K, used 16062K [0x00000000c0000000, 0x00000000c4300000, 0x00000000eab00000)
  object space 68608K, 23% used [0x00000000c0000000,0x00000000c0fafb30,0x00000000c4300000)
 Metaspace       used 32883K, committed 33920K, reserved 1114112K
  class space    used 3268K, committed 3712K, reserved 1048576K
}
Event: 29.338 GC heap after
{Heap after GC invocations=13 (full 1):
 PSYoungGen      total 24064K, used 1696K [0x00000000eab00000, 0x00000000ec700000, 0x0000000100000000)
  eden space 22016K, 0% used [0x00000000eab00000,0x00000000eab00000,0x00000000ec080000)
  from space 2048K, 82% used [0x00000000ec500000,0x00000000ec6a8238,0x00000000ec700000)
  to   space 2048K, 0% used [0x00000000ec300000,0x00000000ec300000,0x00000000ec500000)
 ParOldGen       total 68608K, used 17153K [0x00000000c0000000, 0x00000000c4300000, 0x00000000eab00000)
  object space 68608K, 25% used [0x00000000c0000000,0x00000000c10c0428,0x00000000c4300000)
 Metaspace       used 32883K, committed 33920K, reserved 1114112K
  class space    used 3268K, committed 3712K, reserved 1048576K
}
Event: 30.469 GC heap before
{Heap before GC invocations=14 (full 1):
 PSYoungGen      total 24064K, used 23712K [0x00000000eab00000, 0x00000000ec700000, 0x0000000100000000)
  eden space 22016K, 100% used [0x00000000eab00000,0x00000000ec080000,0x00000000ec080000)
  from space 2048K, 82% used [0x00000000ec500000,0x00000000ec6a8238,0x00000000ec700000)
  to   space 2048K, 0% used [0x00000000ec300000,0x00000000ec300000,0x00000000ec500000)
 ParOldGen       total 68608K, used 17153K [0x00000000c0000000, 0x00000000c4300000, 0x00000000eab00000)
  object space 68608K, 25% used [0x00000000c0000000,0x00000000c10c0428,0x00000000c4300000)
 Metaspace       used 34552K, committed 35584K, reserved 1114112K
  class space    used 3470K, committed 3904K, reserved 1048576K
}
Event: 30.475 GC heap after
{Heap after GC invocations=14 (full 1):
 PSYoungGen      total 24064K, used 1966K [0x00000000eab00000, 0x00000000ec580000, 0x0000000100000000)
  eden space 22016K, 0% used [0x00000000eab00000,0x00000000eab00000,0x00000000ec080000)
  from space 2048K, 96% used [0x00000000ec300000,0x00000000ec4ebb88,0x00000000ec500000)
  to   space 512K, 0% used [0x00000000ec500000,0x00000000ec500000,0x00000000ec580000)
 ParOldGen       total 68608K, used 21295K [0x00000000c0000000, 0x00000000c4300000, 0x00000000eab00000)
  object space 68608K, 31% used [0x00000000c0000000,0x00000000c14cbcd0,0x00000000c4300000)
 Metaspace       used 34552K, committed 35584K, reserved 1114112K
  class space    used 3470K, committed 3904K, reserved 1048576K
}
Event: 30.496 GC heap before
{Heap before GC invocations=15 (full 1):
 PSYoungGen      total 24064K, used 5397K [0x00000000eab00000, 0x00000000ec580000, 0x0000000100000000)
  eden space 22016K, 15% used [0x00000000eab00000,0x00000000eae59af8,0x00000000ec080000)
  from space 2048K, 96% used [0x00000000ec300000,0x00000000ec4ebb88,0x00000000ec500000)
  to   space 512K, 0% used [0x00000000ec500000,0x00000000ec500000,0x00000000ec580000)
 ParOldGen       total 68608K, used 21295K [0x00000000c0000000, 0x00000000c4300000, 0x00000000eab00000)
  object space 68608K, 31% used [0x00000000c0000000,0x00000000c14cbcd0,0x00000000c4300000)
 Metaspace       used 34854K, committed 35840K, reserved 1114112K
  class space    used 3506K, committed 3904K, reserved 1048576K
}
Event: 30.497 GC heap after
{Heap after GC invocations=15 (full 1):
 PSYoungGen      total 22528K, used 384K [0x00000000eab00000, 0x00000000ec580000, 0x0000000100000000)
  eden space 22016K, 0% used [0x00000000eab00000,0x00000000eab00000,0x00000000ec080000)
  from space 512K, 75% used [0x00000000ec500000,0x00000000ec560000,0x00000000ec580000)
  to   space 1024K, 0% used [0x00000000ec380000,0x00000000ec380000,0x00000000ec480000)
 ParOldGen       total 68608K, used 22806K [0x00000000c0000000, 0x00000000c4300000, 0x00000000eab00000)
  object space 68608K, 33% used [0x00000000c0000000,0x00000000c1645898,0x00000000c4300000)
 Metaspace       used 34854K, committed 35840K, reserved 1114112K
  class space    used 3506K, committed 3904K, reserved 1048576K
}
Event: 30.497 GC heap before
{Heap before GC invocations=16 (full 2):
 PSYoungGen      total 22528K, used 384K [0x00000000eab00000, 0x00000000ec580000, 0x0000000100000000)
  eden space 22016K, 0% used [0x00000000eab00000,0x00000000eab00000,0x00000000ec080000)
  from space 512K, 75% used [0x00000000ec500000,0x00000000ec560000,0x00000000ec580000)
  to   space 1024K, 0% used [0x00000000ec380000,0x00000000ec380000,0x00000000ec480000)
 ParOldGen       total 68608K, used 22806K [0x00000000c0000000, 0x00000000c4300000, 0x00000000eab00000)
  object space 68608K, 33% used [0x00000000c0000000,0x00000000c1645898,0x00000000c4300000)
 Metaspace       used 34854K, committed 35840K, reserved 1114112K
  class space    used 3506K, committed 3904K, reserved 1048576K
}
Event: 30.528 GC heap after
{Heap after GC invocations=16 (full 2):
 PSYoungGen      total 22528K, used 0K [0x00000000eab00000, 0x00000000ec580000, 0x0000000100000000)
  eden space 22016K, 0% used [0x00000000eab00000,0x00000000eab00000,0x00000000ec080000)
  from space 512K, 0% used [0x00000000ec500000,0x00000000ec500000,0x00000000ec580000)
  to   space 1024K, 0% used [0x00000000ec380000,0x00000000ec380000,0x00000000ec480000)
 ParOldGen       total 68608K, used 19347K [0x00000000c0000000, 0x00000000c4300000, 0x00000000eab00000)
  object space 68608K, 28% used [0x00000000c0000000,0x00000000c12e4fc8,0x00000000c4300000)
 Metaspace       used 34854K, committed 35840K, reserved 1114112K
  class space    used 3506K, committed 3904K, reserved 1048576K
}
Event: 30.686 GC heap before
{Heap before GC invocations=17 (full 2):
 PSYoungGen      total 22528K, used 22016K [0x00000000eab00000, 0x00000000ec580000, 0x0000000100000000)
  eden space 22016K, 100% used [0x00000000eab00000,0x00000000ec080000,0x00000000ec080000)
  from space 512K, 0% used [0x00000000ec500000,0x00000000ec500000,0x00000000ec580000)
  to   space 1024K, 0% used [0x00000000ec380000,0x00000000ec380000,0x00000000ec480000)
 ParOldGen       total 68608K, used 19350K [0x00000000c0000000, 0x00000000c4300000, 0x00000000eab00000)
  object space 68608K, 28% used [0x00000000c0000000,0x00000000c12e5ab0,0x00000000c4300000)
 Metaspace       used 37798K, committed 38784K, reserved 1114112K
  class space    used 3864K, committed 4288K, reserved 1048576K
}
Event: 30.688 GC heap after
{Heap after GC invocations=17 (full 2):
 PSYoungGen      total 23040K, used 984K [0x00000000eab00000, 0x00000000ec580000, 0x0000000100000000)
  eden space 22016K, 0% used [0x00000000eab00000,0x00000000eab00000,0x00000000ec080000)
  from space 1024K, 96% used [0x00000000ec380000,0x00000000ec4760e8,0x00000000ec480000)
  to   space 1024K, 0% used [0x00000000ec480000,0x00000000ec480000,0x00000000ec580000)
 ParOldGen       total 68608K, used 19358K [0x00000000c0000000, 0x00000000c4300000, 0x00000000eab00000)
  object space 68608K, 28% used [0x00000000c0000000,0x00000000c12e7ab0,0x00000000c4300000)
 Metaspace       used 37798K, committed 38784K, reserved 1114112K
  class space    used 3864K, committed 4288K, reserved 1048576K
}
Event: 30.830 GC heap before
{Heap before GC invocations=18 (full 2):
 PSYoungGen      total 23040K, used 23000K [0x00000000eab00000, 0x00000000ec580000, 0x0000000100000000)
  eden space 22016K, 100% used [0x00000000eab00000,0x00000000ec080000,0x00000000ec080000)
  from space 1024K, 96% used [0x00000000ec380000,0x00000000ec4760e8,0x00000000ec480000)
  to   space 1024K, 0% used [0x00000000ec480000,0x00000000ec480000,0x00000000ec580000)
 ParOldGen       total 68608K, used 19362K [0x00000000c0000000, 0x00000000c4300000, 0x00000000eab00000)
  object space 68608K, 28% used [0x00000000c0000000,0x00000000c12e8b08,0x00000000c4300000)
 Metaspace       used 40442K, committed 41536K, reserved 1114112K
  class space    used 4212K, committed 4672K, reserved 1048576K
}
Event: 30.832 GC heap after
{Heap after GC invocations=18 (full 2):
 PSYoungGen      total 23040K, used 1018K [0x00000000eab00000, 0x00000000ec580000, 0x0000000100000000)
  eden space 22016K, 0% used [0x00000000eab00000,0x00000000eab00000,0x00000000ec080000)
  from space 1024K, 99% used [0x00000000ec480000,0x00000000ec57eb38,0x00000000ec580000)
  to   space 2048K, 0% used [0x00000000ec180000,0x00000000ec180000,0x00000000ec380000)
 ParOldGen       total 68608K, used 20162K [0x00000000c0000000, 0x00000000c4300000, 0x00000000eab00000)
  object space 68608K, 29% used [0x00000000c0000000,0x00000000c13b0b08,0x00000000c4300000)
 Metaspace       used 40442K, committed 41536K, reserved 1114112K
  class space    used 4212K, committed 4672K, reserved 1048576K
}
Event: 31.115 GC heap before
{Heap before GC invocations=19 (full 2):
 PSYoungGen      total 23040K, used 22991K [0x00000000eab00000, 0x00000000ec580000, 0x0000000100000000)
  eden space 22016K, 99% used [0x00000000eab00000,0x00000000ec0751b0,0x00000000ec080000)
  from space 1024K, 99% used [0x00000000ec480000,0x00000000ec57eb38,0x00000000ec580000)
  to   space 2048K, 0% used [0x00000000ec180000,0x00000000ec180000,0x00000000ec380000)
 ParOldGen       total 68608K, used 20162K [0x00000000c0000000, 0x00000000c4300000, 0x00000000eab00000)
  object space 68608K, 29% used [0x00000000c0000000,0x00000000c13b0b08,0x00000000c4300000)
 Metaspace       used 43215K, committed 44352K, reserved 1114112K
  class space    used 4557K, committed 5056K, reserved 1048576K
}
Event: 31.117 GC heap after
{Heap after GC invocations=19 (full 2):
 PSYoungGen      total 24064K, used 2020K [0x00000000eab00000, 0x00000000ec580000, 0x0000000100000000)
  eden space 22016K, 0% used [0x00000000eab00000,0x00000000eab00000,0x00000000ec080000)
  from space 2048K, 98% used [0x00000000ec180000,0x00000000ec379018,0x00000000ec380000)
  to   space 2048K, 0% used [0x00000000ec380000,0x00000000ec380000,0x00000000ec580000)
 ParOldGen       total 68608K, used 21165K [0x00000000c0000000, 0x00000000c4300000, 0x00000000eab00000)
  object space 68608K, 30% used [0x00000000c0000000,0x00000000c14ab690,0x00000000c4300000)
 Metaspace       used 43215K, committed 44352K, reserved 1114112K
  class space    used 4557K, committed 5056K, reserved 1048576K
}
Event: 31.453 GC heap before
{Heap before GC invocations=20 (full 2):
 PSYoungGen      total 24064K, used 24036K [0x00000000eab00000, 0x00000000ec580000, 0x0000000100000000)
  eden space 22016K, 100% used [0x00000000eab00000,0x00000000ec080000,0x00000000ec080000)
  from space 2048K, 98% used [0x00000000ec180000,0x00000000ec379018,0x00000000ec380000)
  to   space 2048K, 0% used [0x00000000ec380000,0x00000000ec380000,0x00000000ec580000)
 ParOldGen       total 68608K, used 21165K [0x00000000c0000000, 0x00000000c4300000, 0x00000000eab00000)
  object space 68608K, 30% used [0x00000000c0000000,0x00000000c14ab690,0x00000000c4300000)
 Metaspace       used 45638K, committed 46720K, reserved 1114112K
  class space    used 4882K, committed 5376K, reserved 1048576K
}
Event: 31.455 GC heap after
{Heap after GC invocations=20 (full 2):
 PSYoungGen      total 23552K, used 1518K [0x00000000eab00000, 0x00000000ec500000, 0x0000000100000000)
  eden space 22016K, 0% used [0x00000000eab00000,0x00000000eab00000,0x00000000ec080000)
  from space 1536K, 98% used [0x00000000ec380000,0x00000000ec4fb810,0x00000000ec500000)
  to   space 2048K, 0% used [0x00000000ec100000,0x00000000ec100000,0x00000000ec300000)
 ParOldGen       total 68608K, used 22101K [0x00000000c0000000, 0x00000000c4300000, 0x00000000eab00000)
  object space 68608K, 32% used [0x00000000c0000000,0x00000000c1595690,0x00000000c4300000)
 Metaspace       used 45638K, committed 46720K, reserved 1114112K
  class space    used 4882K, committed 5376K, reserved 1048576K
}

