# JRE version: OpenJDK Runtime Environment Temurin-21.0.5+11 (21.0.5+11) (build 21.0.5+11-LTS)
# Java VM: OpenJDK 64-Bit Server VM Temurin-21.0.5+11 (21.0.5+11-LTS, mixed mode, sharing, tiered, compressed oops, compressed class ptrs, parallel gc, windows-amd64)
GC Precious Log:
 CardTable entry size: 512
 CPUs: 12 total, 12 available
 Memory: 7518M
 Large Page Support: Disabled
 NUMA Support: Disabled
 Compressed Oops: Enabled (32-bit)
 Alignments: Space 512K, Generation 512K, Heap 2M
 Heap Min Capacity: 100M
 Heap Initial Capacity: 100M
 Heap Max Capacity: 1G
 Pre-touch: Disabled
 Parallel Workers: 10
Heap:
 PSYoungGen      total 20992K, used 17426K [0x00000000eab00000, 0x00000000ec080000, 0x0000000100000000)
  eden space 19968K, 83% used [0x00000000eab00000,0x00000000ebb54a20,0x00000000ebe80000)
  from space 1024K, 68% used [0x00000000ebf80000,0x00000000ec02fe90,0x00000000ec080000)
  to   space 1024K, 0% used [0x00000000ebe80000,0x00000000ebe80000,0x00000000ebf80000)
 ParOldGen       total 68608K, used 35943K [0x00000000c0000000, 0x00000000c4300000, 0x00000000eab00000)
  object space 68608K, 52% used [0x00000000c0000000,0x00000000c2319fa8,0x00000000c4300000)
 Metaspace       used 56152K, committed 57344K, reserved 1114112K
  class space    used 5963K, committed 6528K, reserved 1048576K
GC Heap History (20 events):
Event: 9.585 GC heap before
{Heap before GC invocations=25 (full 2):
 PSYoungGen      total 21504K, used 21472K [0x00000000eab00000, 0x00000000ec980000, 0x0000000100000000)
  eden space 19968K, 100% used [0x00000000eab00000,0x00000000ebe80000,0x00000000ebe80000)
  from space 1536K, 97% used [0x00000000ec300000,0x00000000ec478010,0x00000000ec480000)
  to   space 4608K, 0% used [0x00000000ebe80000,0x00000000ebe80000,0x00000000ec300000)
 ParOldGen       total 68608K, used 30732K [0x00000000c0000000, 0x00000000c4300000, 0x00000000eab00000)
  object space 68608K, 44% used [0x00000000c0000000,0x00000000c1e032f0,0x00000000c4300000)
 Metaspace       used 53890K, committed 55104K, reserved 1114112K
  class space    used 5813K, committed 6336K, reserved 1048576K
}
Event: 9.588 GC heap after
{Heap after GC invocations=25 (full 2):
 PSYoungGen      total 20992K, used 940K [0x00000000eab00000, 0x00000000ec380000, 0x0000000100000000)
  eden space 19968K, 0% used [0x00000000eab00000,0x00000000eab00000,0x00000000ebe80000)
  from space 1024K, 91% used [0x00000000ebe80000,0x00000000ebf6b220,0x00000000ebf80000)
  to   space 2560K, 0% used [0x00000000ec100000,0x00000000ec100000,0x00000000ec380000)
 ParOldGen       total 68608K, used 32248K [0x00000000c0000000, 0x00000000c4300000, 0x00000000eab00000)
  object space 68608K, 47% used [0x00000000c0000000,0x00000000c1f7e198,0x00000000c4300000)
 Metaspace       used 53890K, committed 55104K, reserved 1114112K
  class space    used 5813K, committed 6336K, reserved 1048576K
}
Event: 12.647 GC heap before
{Heap before GC invocations=26 (full 2):
 PSYoungGen      total 20992K, used 20908K [0x00000000eab00000, 0x00000000ec380000, 0x0000000100000000)
  eden space 19968K, 100% used [0x00000000eab00000,0x00000000ebe80000,0x00000000ebe80000)
  from space 1024K, 91% used [0x00000000ebe80000,0x00000000ebf6b220,0x00000000ebf80000)
  to   space 2560K, 0% used [0x00000000ec100000,0x00000000ec100000,0x00000000ec380000)
 ParOldGen       total 68608K, used 32248K [0x00000000c0000000, 0x00000000c4300000, 0x00000000eab00000)
  object space 68608K, 47% used [0x00000000c0000000,0x00000000c1f7e198,0x00000000c4300000)
 Metaspace       used 54380K, committed 55616K, reserved 1114112K
  class space    used 5867K, committed 6400K, reserved 1048576K
}
Event: 12.650 GC heap after
{Heap after GC invocations=26 (full 2):
 PSYoungGen      total 21504K, used 1392K [0x00000000eab00000, 0x00000000ec280000, 0x0000000100000000)
  eden space 19968K, 0% used [0x00000000eab00000,0x00000000eab00000,0x00000000ebe80000)
  from space 1536K, 90% used [0x00000000ec100000,0x00000000ec25c048,0x00000000ec280000)
  to   space 1536K, 0% used [0x00000000ebf80000,0x00000000ebf80000,0x00000000ec100000)
 ParOldGen       total 68608K, used 32963K [0x00000000c0000000, 0x00000000c4300000, 0x00000000eab00000)
  object space 68608K, 48% used [0x00000000c0000000,0x00000000c2030d00,0x00000000c4300000)
 Metaspace       used 54380K, committed 55616K, reserved 1114112K
  class space    used 5867K, committed 6400K, reserved 1048576K
}
Event: 13.549 GC heap before
{Heap before GC invocations=27 (full 2):
 PSYoungGen      total 21504K, used 21359K [0x00000000eab00000, 0x00000000ec280000, 0x0000000100000000)
  eden space 19968K, 99% used [0x00000000eab00000,0x00000000ebe7ff18,0x00000000ebe80000)
  from space 1536K, 90% used [0x00000000ec100000,0x00000000ec25c048,0x00000000ec280000)
  to   space 1536K, 0% used [0x00000000ebf80000,0x00000000ebf80000,0x00000000ec100000)
 ParOldGen       total 68608K, used 32963K [0x00000000c0000000, 0x00000000c4300000, 0x00000000eab00000)
  object space 68608K, 48% used [0x00000000c0000000,0x00000000c2030d00,0x00000000c4300000)
 Metaspace       used 54671K, committed 55872K, reserved 1114112K
  class space    used 5873K, committed 6400K, reserved 1048576K
}
Event: 13.551 GC heap after
{Heap after GC invocations=27 (full 2):
 PSYoungGen      total 20992K, used 1008K [0x00000000eab00000, 0x00000000ec180000, 0x0000000100000000)
  eden space 19968K, 0% used [0x00000000eab00000,0x00000000eab00000,0x00000000ebe80000)
  from space 1024K, 98% used [0x00000000ebf80000,0x00000000ec07c060,0x00000000ec080000)
  to   space 1024K, 0% used [0x00000000ec080000,0x00000000ec080000,0x00000000ec180000)
 ParOldGen       total 68608K, used 33847K [0x00000000c0000000, 0x00000000c4300000, 0x00000000eab00000)
  object space 68608K, 49% used [0x00000000c0000000,0x00000000c210de28,0x00000000c4300000)
 Metaspace       used 54671K, committed 55872K, reserved 1114112K
  class space    used 5873K, committed 6400K, reserved 1048576K
}
Event: 15.353 GC heap before
{Heap before GC invocations=28 (full 2):
 PSYoungGen      total 20992K, used 20976K [0x00000000eab00000, 0x00000000ec180000, 0x0000000100000000)
  eden space 19968K, 100% used [0x00000000eab00000,0x00000000ebe80000,0x00000000ebe80000)
  from space 1024K, 98% used [0x00000000ebf80000,0x00000000ec07c060,0x00000000ec080000)
  to   space 1024K, 0% used [0x00000000ec080000,0x00000000ec080000,0x00000000ec180000)
 ParOldGen       total 68608K, used 33847K [0x00000000c0000000, 0x00000000c4300000, 0x00000000eab00000)
  object space 68608K, 49% used [0x00000000c0000000,0x00000000c210de28,0x00000000c4300000)
 Metaspace       used 54960K, committed 56192K, reserved 1114112K
  class space    used 5874K, committed 6400K, reserved 1048576K
}
Event: 15.355 GC heap after
{Heap after GC invocations=28 (full 2):
 PSYoungGen      total 20992K, used 1024K [0x00000000eab00000, 0x00000000ec280000, 0x0000000100000000)
  eden space 19968K, 0% used [0x00000000eab00000,0x00000000eab00000,0x00000000ebe80000)
  from space 1024K, 100% used [0x00000000ec080000,0x00000000ec180000,0x00000000ec180000)
  to   space 2048K, 0% used [0x00000000ebe80000,0x00000000ebe80000,0x00000000ec080000)
 ParOldGen       total 68608K, used 34471K [0x00000000c0000000, 0x00000000c4300000, 0x00000000eab00000)
  object space 68608K, 50% used [0x00000000c0000000,0x00000000c21a9e70,0x00000000c4300000)
 Metaspace       used 54960K, committed 56192K, reserved 1114112K
  class space    used 5874K, committed 6400K, reserved 1048576K
}
Event: 17.876 GC heap before
{Heap before GC invocations=29 (full 2):
 PSYoungGen      total 20992K, used 20992K [0x00000000eab00000, 0x00000000ec280000, 0x0000000100000000)
  eden space 19968K, 100% used [0x00000000eab00000,0x00000000ebe80000,0x00000000ebe80000)
  from space 1024K, 100% used [0x00000000ec080000,0x00000000ec180000,0x00000000ec180000)
  to   space 2048K, 0% used [0x00000000ebe80000,0x00000000ebe80000,0x00000000ec080000)
 ParOldGen       total 68608K, used 34471K [0x00000000c0000000, 0x00000000c4300000, 0x00000000eab00000)
  object space 68608K, 50% used [0x00000000c0000000,0x00000000c21a9e70,0x00000000c4300000)
 Metaspace       used 55160K, committed 56320K, reserved 1114112K
  class space    used 5886K, committed 6400K, reserved 1048576K
}
Event: 17.878 GC heap after
{Heap after GC invocations=29 (full 2):
 PSYoungGen      total 20992K, used 880K [0x00000000eab00000, 0x00000000ec180000, 0x0000000100000000)
  eden space 19968K, 0% used [0x00000000eab00000,0x00000000eab00000,0x00000000ebe80000)
  from space 1024K, 85% used [0x00000000ebe80000,0x00000000ebf5c118,0x00000000ebf80000)
  to   space 1536K, 0% used [0x00000000ec000000,0x00000000ec000000,0x00000000ec180000)
 ParOldGen       total 68608K, used 35063K [0x00000000c0000000, 0x00000000c4300000, 0x00000000eab00000)
  object space 68608K, 51% used [0x00000000c0000000,0x00000000c223de70,0x00000000c4300000)
 Metaspace       used 55160K, committed 56320K, reserved 1114112K
  class space    used 5886K, committed 6400K, reserved 1048576K
}
Event: 18.018 GC heap before
{Heap before GC invocations=30 (full 2):
 PSYoungGen      total 20992K, used 20848K [0x00000000eab00000, 0x00000000ec180000, 0x0000000100000000)
  eden space 19968K, 100% used [0x00000000eab00000,0x00000000ebe80000,0x00000000ebe80000)
  from space 1024K, 85% used [0x00000000ebe80000,0x00000000ebf5c118,0x00000000ebf80000)
  to   space 1536K, 0% used [0x00000000ec000000,0x00000000ec000000,0x00000000ec180000)
 ParOldGen       total 68608K, used 35063K [0x00000000c0000000, 0x00000000c4300000, 0x00000000eab00000)
  object space 68608K, 51% used [0x00000000c0000000,0x00000000c223de70,0x00000000c4300000)
 Metaspace       used 55196K, committed 56384K, reserved 1114112K
  class space    used 5886K, committed 6400K, reserved 1048576K
}
Event: 18.019 GC heap after
{Heap after GC invocations=30 (full 2):
 PSYoungGen      total 20480K, used 288K [0x00000000eab00000, 0x00000000ec080000, 0x0000000100000000)
  eden space 19968K, 0% used [0x00000000eab00000,0x00000000eab00000,0x00000000ebe80000)
  from space 512K, 56% used [0x00000000ec000000,0x00000000ec048020,0x00000000ec080000)
  to   space 1024K, 0% used [0x00000000ebe80000,0x00000000ebe80000,0x00000000ebf80000)
 ParOldGen       total 68608K, used 35591K [0x00000000c0000000, 0x00000000c4300000, 0x00000000eab00000)
  object space 68608K, 51% used [0x00000000c0000000,0x00000000c22c1f78,0x00000000c4300000)
 Metaspace       used 55196K, committed 56384K, reserved 1114112K
  class space    used 5886K, committed 6400K, reserved 1048576K
}
Event: 18.198 GC heap before
{Heap before GC invocations=31 (full 2):
 PSYoungGen      total 20480K, used 20256K [0x00000000eab00000, 0x00000000ec080000, 0x0000000100000000)
  eden space 19968K, 100% used [0x00000000eab00000,0x00000000ebe80000,0x00000000ebe80000)
  from space 512K, 56% used [0x00000000ec000000,0x00000000ec048020,0x00000000ec080000)
  to   space 1024K, 0% used [0x00000000ebe80000,0x00000000ebe80000,0x00000000ebf80000)
 ParOldGen       total 68608K, used 35591K [0x00000000c0000000, 0x00000000c4300000, 0x00000000eab00000)
  object space 68608K, 51% used [0x00000000c0000000,0x00000000c22c1f78,0x00000000c4300000)
 Metaspace       used 55205K, committed 56384K, reserved 1114112K
  class space    used 5886K, committed 6400K, reserved 1048576K
}
Event: 18.199 GC heap after
{Heap after GC invocations=31 (full 2):
 PSYoungGen      total 20992K, used 416K [0x00000000eab00000, 0x00000000ec080000, 0x0000000100000000)
  eden space 19968K, 0% used [0x00000000eab00000,0x00000000eab00000,0x00000000ebe80000)
  from space 1024K, 40% used [0x00000000ebe80000,0x00000000ebee8060,0x00000000ebf80000)
  to   space 512K, 0% used [0x00000000ec000000,0x00000000ec000000,0x00000000ec080000)
 ParOldGen       total 68608K, used 35703K [0x00000000c0000000, 0x00000000c4300000, 0x00000000eab00000)
  object space 68608K, 52% used [0x00000000c0000000,0x00000000c22ddf88,0x00000000c4300000)
 Metaspace       used 55205K, committed 56384K, reserved 1114112K
  class space    used 5886K, committed 6400K, reserved 1048576K
}
Event: 18.904 GC heap before
{Heap before GC invocations=32 (full 2):
 PSYoungGen      total 20992K, used 20384K [0x00000000eab00000, 0x00000000ec080000, 0x0000000100000000)
  eden space 19968K, 100% used [0x00000000eab00000,0x00000000ebe80000,0x00000000ebe80000)
  from space 1024K, 40% used [0x00000000ebe80000,0x00000000ebee8060,0x00000000ebf80000)
  to   space 512K, 0% used [0x00000000ec000000,0x00000000ec000000,0x00000000ec080000)
 ParOldGen       total 68608K, used 35703K [0x00000000c0000000, 0x00000000c4300000, 0x00000000eab00000)
  object space 68608K, 52% used [0x00000000c0000000,0x00000000c22ddf88,0x00000000c4300000)
 Metaspace       used 55233K, committed 56384K, reserved 1114112K
  class space    used 5886K, committed 6400K, reserved 1048576K
}
Event: 18.905 GC heap after
{Heap after GC invocations=32 (full 2):
 PSYoungGen      total 20480K, used 480K [0x00000000eab00000, 0x00000000ec080000, 0x0000000100000000)
  eden space 19968K, 0% used [0x00000000eab00000,0x00000000eab00000,0x00000000ebe80000)
  from space 512K, 93% used [0x00000000ec000000,0x00000000ec078060,0x00000000ec080000)
  to   space 1024K, 0% used [0x00000000ebe80000,0x00000000ebe80000,0x00000000ebf80000)
 ParOldGen       total 68608K, used 35807K [0x00000000c0000000, 0x00000000c4300000, 0x00000000eab00000)
  object space 68608K, 52% used [0x00000000c0000000,0x00000000c22f7f98,0x00000000c4300000)
 Metaspace       used 55233K, committed 56384K, reserved 1114112K
  class space    used 5886K, committed 6400K, reserved 1048576K
}
Event: 19.527 GC heap before
{Heap before GC invocations=33 (full 2):
 PSYoungGen      total 20480K, used 20448K [0x00000000eab00000, 0x00000000ec080000, 0x0000000100000000)
  eden space 19968K, 100% used [0x00000000eab00000,0x00000000ebe80000,0x00000000ebe80000)
  from space 512K, 93% used [0x00000000ec000000,0x00000000ec078060,0x00000000ec080000)
  to   space 1024K, 0% used [0x00000000ebe80000,0x00000000ebe80000,0x00000000ebf80000)
 ParOldGen       total 68608K, used 35807K [0x00000000c0000000, 0x00000000c4300000, 0x00000000eab00000)
  object space 68608K, 52% used [0x00000000c0000000,0x00000000c22f7f98,0x00000000c4300000)
 Metaspace       used 55244K, committed 56384K, reserved 1114112K
  class space    used 5886K, committed 6400K, reserved 1048576K
}
Event: 19.528 GC heap after
{Heap after GC invocations=33 (full 2):
 PSYoungGen      total 20992K, used 480K [0x00000000eab00000, 0x00000000ec080000, 0x0000000100000000)
  eden space 19968K, 0% used [0x00000000eab00000,0x00000000eab00000,0x00000000ebe80000)
  from space 1024K, 46% used [0x00000000ebe80000,0x00000000ebef8080,0x00000000ebf80000)
  to   space 1024K, 0% used [0x00000000ebf80000,0x00000000ebf80000,0x00000000ec080000)
 ParOldGen       total 68608K, used 35911K [0x00000000c0000000, 0x00000000c4300000, 0x00000000eab00000)
  object space 68608K, 52% used [0x00000000c0000000,0x00000000c2311fa8,0x00000000c4300000)
 Metaspace       used 55244K, committed 56384K, reserved 1114112K
  class space    used 5886K, committed 6400K, reserved 1048576K
}
Event: 33.214 GC heap before
{Heap before GC invocations=34 (full 2):
 PSYoungGen      total 20992K, used 20447K [0x00000000eab00000, 0x00000000ec080000, 0x0000000100000000)
  eden space 19968K, 99% used [0x00000000eab00000,0x00000000ebe7ff20,0x00000000ebe80000)
  from space 1024K, 46% used [0x00000000ebe80000,0x00000000ebef8080,0x00000000ebf80000)
  to   space 1024K, 0% used [0x00000000ebf80000,0x00000000ebf80000,0x00000000ec080000)
 ParOldGen       total 68608K, used 35911K [0x00000000c0000000, 0x00000000c4300000, 0x00000000eab00000)
  object space 68608K, 52% used [0x00000000c0000000,0x00000000c2311fa8,0x00000000c4300000)
 Metaspace       used 55599K, committed 56832K, reserved 1114112K
  class space    used 5913K, committed 6464K, reserved 1048576K
}
Event: 33.216 GC heap after
{Heap after GC invocations=34 (full 2):
 PSYoungGen      total 20992K, used 703K [0x00000000eab00000, 0x00000000ec080000, 0x0000000100000000)
  eden space 19968K, 0% used [0x00000000eab00000,0x00000000eab00000,0x00000000ebe80000)
  from space 1024K, 68% used [0x00000000ebf80000,0x00000000ec02fe90,0x00000000ec080000)
  to   space 1024K, 0% used [0x00000000ebe80000,0x00000000ebe80000,0x00000000ebf80000)
 ParOldGen       total 68608K, used 35943K [0x00000000c0000000, 0x00000000c4300000, 0x00000000eab00000)
  object space 68608K, 52% used [0x00000000c0000000,0x00000000c2319fa8,0x00000000c4300000)
 Metaspace       used 55599K, committed 56832K, reserved 1114112K
  class space    used 5913K, committed 6464K, reserved 1048576K
}

